<?xml version="1.0" encoding="UTF-8"?>
<!-- Generated by org.testng.reporters.JUnitReportReporter -->
<testsuite hostname="LAPTOP-IB48B2FM" failures="0" tests="1" name="test.loginTest" time="7.791" errors="0" timestamp="2021-10-08T20:15:56 CDT" skipped="0">
  <testcase classname="test.loginTest" name="testLoginPage" time="7.791"/>
  <system-out/>
</testsuite> <!-- test.loginTest -->
