<?xml version="1.0" encoding="UTF-8"?>
<!-- Generated by org.testng.reporters.JUnitReportReporter -->
<testsuite hostname="LAPTOP-IB48B2FM" failures="0" tests="1" name="PracticeTest.TestPage" time="5.211" errors="0" timestamp="2021-10-08T18:15:39 CDT" skipped="0">
  <testcase classname="PracticeTest.TestPage" name="verifiedUserShouldBeAbleToLogin" time="5.211"/>
  <system-out/>
</testsuite> <!-- PracticeTest.TestPage -->
