<?xml version="1.0" encoding="UTF-8"?>
<!-- Generated by org.testng.reporters.JUnitReportReporter -->
<testsuite hostname="LAPTOP-IB48B2FM" failures="0" tests="1" name="practicePage.loginPage" time="7.642" errors="0" timestamp="2021-10-08T16:10:41 CDT" skipped="0">
  <testcase classname="practicePage.loginPage" name="verifiedUserShouldBeAbleToLogin" time="7.642"/>
  <system-out/>
</testsuite> <!-- practicePage.loginPage -->
